{
  "RSpec": {
    "coverage": {
      "/Users/katebeavis/Development/projects/makers/rps-challenge/lib/game.rb": [
        1,
        1,
        null,
        1,
        6,
        null,
        null,
        1,
        1,
        null,
        null,
        1,
        1,
        null,
        null,
        1,
        null,
        1,
        1,
        1,
        1,
        null,
        1,
        5,
        null,
        null
      ],
      "/Users/katebeavis/Development/projects/makers/rps-challenge/spec/player_spec.rb": [
        1,
        1,
        null,
        1,
        3,
        null,
        1,
        1,
        null,
        null,
        1,
        1,
        null,
        null
      ],
      "/Users/katebeavis/Development/projects/makers/rps-challenge/lib/player.rb": [
        1,
        1,
        null,
        1,
        2,
        null,
        null,
        1,
        1,
        null,
        null,
        1,
        0,
        null,
        null
      ]
    },
    "timestamp": 1430468755
  }
}
